2020-11-06 21:28:44,197 DEBUG [main] RequestAddCookies:123 - CookieSpec selected: standard
2020-11-06 21:28:44,206 DEBUG [main] RequestAuthCache:77 - Auth cache not set in the context
2020-11-06 21:28:44,208 DEBUG [main] PoolingHttpClientConnectionManager:265 - Connection request: [route: {s}->https://raw.githubusercontent.com:443][total kept alive: 0; route allocated: 0 of 2; total allocated: 0 of 20]
2020-11-06 21:28:44,224 DEBUG [main] PoolingHttpClientConnectionManager:309 - Connection leased: [id: 0][route: {s}->https://raw.githubusercontent.com:443][total kept alive: 0; route allocated: 1 of 2; total allocated: 1 of 20]
2020-11-06 21:28:44,225 DEBUG [main] MainClientExec:235 - Opening connection {s}->https://raw.githubusercontent.com:443
2020-11-06 21:28:44,267 DEBUG [main] DefaultHttpClientConnectionOperator:139 - Connecting to raw.githubusercontent.com/151.101.208.133:443
2020-11-06 21:28:44,267 DEBUG [main] SSLConnectionSocketFactory:337 - Connecting socket to raw.githubusercontent.com/151.101.208.133:443 with timeout 0
2020-11-06 21:28:44,299 DEBUG [main] SSLConnectionSocketFactory:390 - Enabled protocols: [TLSv1.2, TLSv1.1, TLSv1]
2020-11-06 21:28:44,299 DEBUG [main] SSLConnectionSocketFactory:391 - Enabled cipher suites:[TLS_ECDHE_ECDSA_WITH_AES_256_GCM_SHA384, TLS_ECDHE_ECDSA_WITH_AES_128_GCM_SHA256, TLS_ECDHE_RSA_WITH_AES_256_GCM_SHA384, TLS_RSA_WITH_AES_256_GCM_SHA384, TLS_ECDH_ECDSA_WITH_AES_256_GCM_SHA384, TLS_ECDH_RSA_WITH_AES_256_GCM_SHA384, TLS_DHE_RSA_WITH_AES_256_GCM_SHA384, TLS_DHE_DSS_WITH_AES_256_GCM_SHA384, TLS_ECDHE_RSA_WITH_AES_128_GCM_SHA256, TLS_RSA_WITH_AES_128_GCM_SHA256, TLS_ECDH_ECDSA_WITH_AES_128_GCM_SHA256, TLS_ECDH_RSA_WITH_AES_128_GCM_SHA256, TLS_DHE_RSA_WITH_AES_128_GCM_SHA256, TLS_DHE_DSS_WITH_AES_128_GCM_SHA256, TLS_ECDHE_ECDSA_WITH_AES_256_CBC_SHA384, TLS_ECDHE_RSA_WITH_AES_256_CBC_SHA384, TLS_RSA_WITH_AES_256_CBC_SHA256, TLS_ECDH_ECDSA_WITH_AES_256_CBC_SHA384, TLS_ECDH_RSA_WITH_AES_256_CBC_SHA384, TLS_DHE_RSA_WITH_AES_256_CBC_SHA256, TLS_DHE_DSS_WITH_AES_256_CBC_SHA256, TLS_ECDHE_ECDSA_WITH_AES_256_CBC_SHA, TLS_ECDHE_RSA_WITH_AES_256_CBC_SHA, TLS_RSA_WITH_AES_256_CBC_SHA, TLS_ECDH_ECDSA_WITH_AES_256_CBC_SHA, TLS_ECDH_RSA_WITH_AES_256_CBC_SHA, TLS_DHE_RSA_WITH_AES_256_CBC_SHA, TLS_DHE_DSS_WITH_AES_256_CBC_SHA, TLS_ECDHE_ECDSA_WITH_AES_128_CBC_SHA256, TLS_ECDHE_RSA_WITH_AES_128_CBC_SHA256, TLS_RSA_WITH_AES_128_CBC_SHA256, TLS_ECDH_ECDSA_WITH_AES_128_CBC_SHA256, TLS_ECDH_RSA_WITH_AES_128_CBC_SHA256, TLS_DHE_RSA_WITH_AES_128_CBC_SHA256, TLS_DHE_DSS_WITH_AES_128_CBC_SHA256, TLS_ECDHE_ECDSA_WITH_AES_128_CBC_SHA, TLS_ECDHE_RSA_WITH_AES_128_CBC_SHA, TLS_RSA_WITH_AES_128_CBC_SHA, TLS_ECDH_ECDSA_WITH_AES_128_CBC_SHA, TLS_ECDH_RSA_WITH_AES_128_CBC_SHA, TLS_DHE_RSA_WITH_AES_128_CBC_SHA, TLS_DHE_DSS_WITH_AES_128_CBC_SHA, TLS_EMPTY_RENEGOTIATION_INFO_SCSV]
2020-11-06 21:28:44,300 DEBUG [main] SSLConnectionSocketFactory:395 - Starting handshake
2020-11-06 21:28:44,394 DEBUG [main] SSLConnectionSocketFactory:425 - Secure session established
2020-11-06 21:28:44,394 DEBUG [main] SSLConnectionSocketFactory:426 -  negotiated protocol: TLSv1.2
2020-11-06 21:28:44,394 DEBUG [main] SSLConnectionSocketFactory:427 -  negotiated cipher suite: TLS_ECDHE_RSA_WITH_AES_128_GCM_SHA256
2020-11-06 21:28:44,395 DEBUG [main] SSLConnectionSocketFactory:435 -  peer principal: CN=www.github.com, O="GitHub, Inc.", L=San Francisco, ST=California, C=US
2020-11-06 21:28:44,395 DEBUG [main] SSLConnectionSocketFactory:444 -  peer alternative names: [www.github.com, *.github.com, github.com, *.github.io, github.io, *.githubusercontent.com, githubusercontent.com]
2020-11-06 21:28:44,395 DEBUG [main] SSLConnectionSocketFactory:448 -  issuer principal: CN=DigiCert SHA2 High Assurance Server CA, OU=www.digicert.com, O=DigiCert Inc, C=US
2020-11-06 21:28:44,397 DEBUG [main] DefaultHttpClientConnectionOperator:146 - Connection established 192.168.1.236:51873<->151.101.208.133:443
2020-11-06 21:28:44,397 DEBUG [main] DefaultManagedHttpClientConnection:88 - http-outgoing-0: set socket timeout to 30000
2020-11-06 21:28:44,397 DEBUG [main] MainClientExec:256 - Executing request GET /bonigarcia/webdrivermanager/master/src/main/resources/versions.properties HTTP/1.1
2020-11-06 21:28:44,397 DEBUG [main] MainClientExec:261 - Target auth state: UNCHALLENGED
2020-11-06 21:28:44,399 DEBUG [main] MainClientExec:267 - Proxy auth state: UNCHALLENGED
2020-11-06 21:28:44,400 DEBUG [main] headers:133 - http-outgoing-0 >> GET /bonigarcia/webdrivermanager/master/src/main/resources/versions.properties HTTP/1.1
2020-11-06 21:28:44,400 DEBUG [main] headers:136 - http-outgoing-0 >> User-Agent: Apache-HttpClient/4.5.6
2020-11-06 21:28:44,400 DEBUG [main] headers:136 - http-outgoing-0 >> Connection: keep-alive
2020-11-06 21:28:44,401 DEBUG [main] headers:136 - http-outgoing-0 >> Host: raw.githubusercontent.com
2020-11-06 21:28:44,401 DEBUG [main] headers:136 - http-outgoing-0 >> Accept-Encoding: gzip,deflate
2020-11-06 21:28:44,401 DEBUG [main] wire:73 - http-outgoing-0 >> "GET /bonigarcia/webdrivermanager/master/src/main/resources/versions.properties HTTP/1.1[\r][\n]"
2020-11-06 21:28:44,401 DEBUG [main] wire:73 - http-outgoing-0 >> "User-Agent: Apache-HttpClient/4.5.6[\r][\n]"
2020-11-06 21:28:44,402 DEBUG [main] wire:73 - http-outgoing-0 >> "Connection: keep-alive[\r][\n]"
2020-11-06 21:28:44,402 DEBUG [main] wire:73 - http-outgoing-0 >> "Host: raw.githubusercontent.com[\r][\n]"
2020-11-06 21:28:44,402 DEBUG [main] wire:73 - http-outgoing-0 >> "Accept-Encoding: gzip,deflate[\r][\n]"
2020-11-06 21:28:44,402 DEBUG [main] wire:73 - http-outgoing-0 >> "[\r][\n]"
2020-11-06 21:28:44,424 DEBUG [main] wire:73 - http-outgoing-0 << "HTTP/1.1 200 OK[\r][\n]"
2020-11-06 21:28:44,424 DEBUG [main] wire:73 - http-outgoing-0 << "Connection: keep-alive[\r][\n]"
2020-11-06 21:28:44,424 DEBUG [main] wire:73 - http-outgoing-0 << "Content-Length: 866[\r][\n]"
2020-11-06 21:28:44,425 DEBUG [main] wire:73 - http-outgoing-0 << "Cache-Control: max-age=300[\r][\n]"
2020-11-06 21:28:44,425 DEBUG [main] wire:73 - http-outgoing-0 << "Content-Security-Policy: default-src 'none'; style-src 'unsafe-inline'; sandbox[\r][\n]"
2020-11-06 21:28:44,425 DEBUG [main] wire:73 - http-outgoing-0 << "Content-Type: text/plain; charset=utf-8[\r][\n]"
2020-11-06 21:28:44,425 DEBUG [main] wire:73 - http-outgoing-0 << "ETag: W/"b08723b22e2db71c00ecac700a4589e0cfbaf7031465c9fcee83036e475c929a"[\r][\n]"
2020-11-06 21:28:44,425 DEBUG [main] wire:73 - http-outgoing-0 << "Strict-Transport-Security: max-age=31536000[\r][\n]"
2020-11-06 21:28:44,425 DEBUG [main] wire:73 - http-outgoing-0 << "X-Content-Type-Options: nosniff[\r][\n]"
2020-11-06 21:28:44,426 DEBUG [main] wire:73 - http-outgoing-0 << "X-Frame-Options: deny[\r][\n]"
2020-11-06 21:28:44,426 DEBUG [main] wire:73 - http-outgoing-0 << "X-XSS-Protection: 1; mode=block[\r][\n]"
2020-11-06 21:28:44,426 DEBUG [main] wire:73 - http-outgoing-0 << "Via: 1.1 varnish (Varnish/6.0), 1.1 varnish[\r][\n]"
2020-11-06 21:28:44,426 DEBUG [main] wire:73 - http-outgoing-0 << "X-GitHub-Request-Id: E97C:5821:AE6C71:C6703B:5FA5ADEF[\r][\n]"
2020-11-06 21:28:44,426 DEBUG [main] wire:73 - http-outgoing-0 << "Content-Encoding: gzip[\r][\n]"
2020-11-06 21:28:44,427 DEBUG [main] wire:73 - http-outgoing-0 << "Accept-Ranges: bytes[\r][\n]"
2020-11-06 21:28:44,427 DEBUG [main] wire:73 - http-outgoing-0 << "Date: Sat, 07 Nov 2020 02:28:44 GMT[\r][\n]"
2020-11-06 21:28:44,427 DEBUG [main] wire:73 - http-outgoing-0 << "X-Served-By: cache-ewr18132-EWR[\r][\n]"
2020-11-06 21:28:44,427 DEBUG [main] wire:73 - http-outgoing-0 << "X-Cache: HIT, HIT[\r][\n]"
2020-11-06 21:28:44,427 DEBUG [main] wire:73 - http-outgoing-0 << "X-Cache-Hits: 2, 1[\r][\n]"
2020-11-06 21:28:44,427 DEBUG [main] wire:73 - http-outgoing-0 << "X-Timer: S1604716124.405756,VS0,VE10[\r][\n]"
2020-11-06 21:28:44,428 DEBUG [main] wire:73 - http-outgoing-0 << "Vary: Authorization,Accept-Encoding[\r][\n]"
2020-11-06 21:28:44,428 DEBUG [main] wire:73 - http-outgoing-0 << "Access-Control-Allow-Origin: *[\r][\n]"
2020-11-06 21:28:44,428 DEBUG [main] wire:73 - http-outgoing-0 << "X-Fastly-Request-ID: b26c0de2a061557ec2081d45fbd4e2f6dc4837c4[\r][\n]"
2020-11-06 21:28:44,428 DEBUG [main] wire:73 - http-outgoing-0 << "Expires: Sat, 07 Nov 2020 02:33:44 GMT[\r][\n]"
2020-11-06 21:28:44,428 DEBUG [main] wire:73 - http-outgoing-0 << "Source-Age: 91[\r][\n]"
2020-11-06 21:28:44,429 DEBUG [main] wire:73 - http-outgoing-0 << "[\r][\n]"
2020-11-06 21:28:44,431 DEBUG [main] headers:122 - http-outgoing-0 << HTTP/1.1 200 OK
2020-11-06 21:28:44,432 DEBUG [main] headers:125 - http-outgoing-0 << Connection: keep-alive
2020-11-06 21:28:44,432 DEBUG [main] headers:125 - http-outgoing-0 << Content-Length: 866
2020-11-06 21:28:44,432 DEBUG [main] headers:125 - http-outgoing-0 << Cache-Control: max-age=300
2020-11-06 21:28:44,432 DEBUG [main] headers:125 - http-outgoing-0 << Content-Security-Policy: default-src 'none'; style-src 'unsafe-inline'; sandbox
2020-11-06 21:28:44,432 DEBUG [main] headers:125 - http-outgoing-0 << Content-Type: text/plain; charset=utf-8
2020-11-06 21:28:44,433 DEBUG [main] headers:125 - http-outgoing-0 << ETag: W/"b08723b22e2db71c00ecac700a4589e0cfbaf7031465c9fcee83036e475c929a"
2020-11-06 21:28:44,433 DEBUG [main] headers:125 - http-outgoing-0 << Strict-Transport-Security: max-age=31536000
2020-11-06 21:28:44,433 DEBUG [main] headers:125 - http-outgoing-0 << X-Content-Type-Options: nosniff
2020-11-06 21:28:44,433 DEBUG [main] headers:125 - http-outgoing-0 << X-Frame-Options: deny
2020-11-06 21:28:44,433 DEBUG [main] headers:125 - http-outgoing-0 << X-XSS-Protection: 1; mode=block
2020-11-06 21:28:44,433 DEBUG [main] headers:125 - http-outgoing-0 << Via: 1.1 varnish (Varnish/6.0), 1.1 varnish
2020-11-06 21:28:44,434 DEBUG [main] headers:125 - http-outgoing-0 << X-GitHub-Request-Id: E97C:5821:AE6C71:C6703B:5FA5ADEF
2020-11-06 21:28:44,434 DEBUG [main] headers:125 - http-outgoing-0 << Content-Encoding: gzip
2020-11-06 21:28:44,434 DEBUG [main] headers:125 - http-outgoing-0 << Accept-Ranges: bytes
2020-11-06 21:28:44,434 DEBUG [main] headers:125 - http-outgoing-0 << Date: Sat, 07 Nov 2020 02:28:44 GMT
2020-11-06 21:28:44,434 DEBUG [main] headers:125 - http-outgoing-0 << X-Served-By: cache-ewr18132-EWR
2020-11-06 21:28:44,434 DEBUG [main] headers:125 - http-outgoing-0 << X-Cache: HIT, HIT
2020-11-06 21:28:44,434 DEBUG [main] headers:125 - http-outgoing-0 << X-Cache-Hits: 2, 1
2020-11-06 21:28:44,435 DEBUG [main] headers:125 - http-outgoing-0 << X-Timer: S1604716124.405756,VS0,VE10
2020-11-06 21:28:44,435 DEBUG [main] headers:125 - http-outgoing-0 << Vary: Authorization,Accept-Encoding
2020-11-06 21:28:44,435 DEBUG [main] headers:125 - http-outgoing-0 << Access-Control-Allow-Origin: *
2020-11-06 21:28:44,435 DEBUG [main] headers:125 - http-outgoing-0 << X-Fastly-Request-ID: b26c0de2a061557ec2081d45fbd4e2f6dc4837c4
2020-11-06 21:28:44,435 DEBUG [main] headers:125 - http-outgoing-0 << Expires: Sat, 07 Nov 2020 02:33:44 GMT
2020-11-06 21:28:44,435 DEBUG [main] headers:125 - http-outgoing-0 << Source-Age: 91
2020-11-06 21:28:44,439 DEBUG [main] MainClientExec:285 - Connection can be kept alive indefinitely
2020-11-06 21:28:44,445 DEBUG [main] wire:73 - http-outgoing-0 << "[0x1f][0x8b][0x8][0x0][0x0][0x0][0x0][0x0][0x0][0x3][0x8d][0x96][0xcb][0x8e][0xe3]6[0x10]E[0xf7][0xfe][\n]"
2020-11-06 21:28:44,445 DEBUG [main] wire:73 - http-outgoing-0 << "[0x1][0xb3]n[0x8a]oR[\r]p[0x93][0x99]$[0xab] [0x8b][0xe4][0x7][0xd4]6[0xdb][0x16]F6[\r]I=[0xe][0xf2][0xf5][0xa9][0xe2]Cf[0x13][0x9][0x90]E[0x3]}[0x8f][0x8a][0xc5][0x12]yU[0xe5]/[0xdd][0x9f][0x97]i[0xed][0xde][0xa7][0xd9]w[0xc7]p[0xdb][0xc6][0xe9][0xb6]v[0xdb][0xc5]w[0xdf]o[0xe1]q[0xeb]N[0xcb][0xf4][0xc3]/[0x1d][0xfc][0xad]S[0x80]'[0xc7]p[0xbd][0x8f][0xdb][0xf4][0x6][0xd1][0x8f]i[0xbb][0xc4][0xc8]cX[0x16][0xbf][0xde][0xc3][0xed]4[0xdd][0xce][0xdd][0xdb][0x12][0x1e][0xeb]s[0xc9][0xe1][0xf0][0xa5][0xfb])[0xa1][0xd7][0xee][0xd7][0x10][0xce][0xb0][0xf2][0xeb]e[0x9]W[0xdf][0x8d][0xb7]S[0xfa]w[0xfa][0xb8]v/[0xdd][0xb7][0xb8][0xd5]kw[0x8c]O[0xd3][0xc6][0xb0][0xf8][0x8f][0xf0][0xb1][0x1c][0xfd]kw[0xd9][0xb6][0xfb]k[0xdf][0xd7]O[0xc9]1[0xaf]&a9[0xf7]'[0xa8]w[0xe][0xe3]i=[0xa4][0x18]k[0x9c]5[0x84][0x12][0xc9]-%[0x9c][0x16][0xaa][0x9d][0xd5][0x91]J[0xa0][0xbc]P[0xe5][0xac]B[0xca][0xac] [0xd6][0x14]*[0x9d][0x95][0x91]JC[0xc4][0x9e]A8[0x8]BJ[0x5][0x11]C[0xa1][0xcc]Y[0x86][0x94]JI[0x98][0xb0][0x5]S[0x7][0xbb]S[0x88][0x83]Z[0x18][0xd5][0x19][0x9b][0xc1][0x99]!b[0xa9][0x88][0xd8][0xa9]u[0xc6]FJ![0x7]U[0x5][0x1b]g[0xf0]E[0x84][0xd5][\n]"
2020-11-06 21:28:44,446 DEBUG [main] wire:73 - http-outgoing-0 << "[0xf2][0x17][0xaa][0x9d][0xd1][0x91][0xd2][0x81]0[0xbe][0xe7]P[0xce][0xe0][0x9b][0x8]c(a[0xcf]h[0xe9][0x8c][0x8c][0x98][0xf]d[0x8f][0x15][0xce][0xe0][0x9b][0x8][\r]/[0xa4]K[0xc9][0x86];N[0xe4][0x1e][0xc3]>)[0x8a][0xaa][0x14][0xa6][0x7]T[0xb2]([0x8b][0xaa][0x9c][0xa8]6[0xa8]XQ[0x1a]U)F+P[0xfb][0x11]i[0x89][0xaa][0x9c][0xb9][0x16][0xa8][0xca]~[0x1a]k[0x11][0xfb]~X[0x8b][0xd8][0xf7][0xc3]Z[0x84][0xf8]d[0xb0][0xdf][0xc2][0xdf][0xd3]<[0x8f][0xdd]/[0xd3][0xe2][0xdf][0xc3]_[0x95][0xab][0xce][0xfe][0xf8]=[0xfc][0xab][0xa9]Vp[0xd5][0x19][0xbc][0xfc][0xf1]F[0xc0][0xdd][0xfd]5[0xa5][0xe8][0xab][0x5][0xfd][0xe2]g?[0xae]~=[0xbc][0xa7][0xbc][0x96];0[0xf]\[0xd5][0xe][0x18][0x2]S[0x1][0xda][0x0][0xb8][0xf1][0x6]X[0x4][0xba][0x2][0xa6][0x5][0xba][0x5][0xaa][0x5][0xb2][0x5][0xa2][0x5][0xbc][0x5][0xac][0x5][0xb4][0x1]zhA[0xac]TU V*+[0xa0][[0xa0]Z[0x10]+[0x15][0x15][0x10]-[0x88][0x95][0xf2][\n]"
2020-11-06 21:28:44,446 DEBUG [main] wire:73 - http-outgoing-0 << "[0xc4]JY[0x5]h[0x3][0xd4][0xd0][0x2][0xdb][0x2][0xd3][0x82]X)[0xad][0x80]*[0xa0][0xf6][0xd1][0xef]w[0xbf][0x8c][0x95]{[0x2][0xea][0xff][0xe3][0x9e][0x18][0xb8][0x86][0xf7][0xed]1.>[0xa9][0xd2][0xa4]Z/[0xc5][0x87]p?[0xcf]vdi[0x86][0xac][0xea]F[0x8c][0xf2]Li[0xd5][0x8d][0xec][0x90] \[0xd6][0xb3][0x19][\r]&C[[0xf7]"&25[0x9f]ZQ[0xde][0xb][0xae][0xee][0xd9][0x89]L[0xc9][0xaa][0xaa]FdKVY[0xb5]![0xc6][0xcb]zQ[0xb7]![0x91]k[0x85][0xcb][0xac][0xba][0xd0][0xbe]W[0xee][0x1e]Q[0xa8][0xa1][0x16][0xb9]w$[0x91][G[0x12][0xb9]s$[0x91][0x1b]G[0x12][0xb9]o$[0x91][0xdb]F[0x12][0xb9]k$[0xc1]R[0x9b]H[0x82]VBb[0x5][0xa5]b[0x89][0x15][0x88][0xbc][0x8f][0xc4][\n]"
2020-11-06 21:28:44,446 DEBUG [main] wire:87 - http-outgoing-0 << "x>[0xc][0xa9][0x93][0xf8][0xd4]g[0xa6][0xe3][0x12][0xf0][0x9a][0xbb][0x9f]Og_[0x19][0xe5][0xba]z[0x0][0xff][0xe9][0x94][0x93][0xff][0xe1]g[0xcc]J[0xae]%C[0xb4][0x8d][0xbf][0xbd]|[0xac][0xfd][0xce]^0I[0xbf][0x85]0[0xaf][0xfd][0xc3][0xbf]e[0xe7][0x1c][0x90]Z[0xb8][[0xbc][0x1a]=[0xa0]g#[0xc9]sN[0xeb][0xa1][0x90]<[0xe3]4|NZ$[0x94][0x7][0x9c][0xd2][0x92][0x98][0x1c][0x95][0xa7][0x9b][0x8a][0xdf]i$e[0xb2][0xc1][0xe5]+[0x9b][0x10][0xf8][0x93]#Rp[0xbb][0x89][0x94]A[0xc7]41&[0xa1]2[0xe4]4[0x3][0xbb][0xa5][0xb0]}[0xc2]1[0x91][0xb3][0x97][0xe9][0xc6][0xd1]E[0x89][0xe4][0xc1][0xc6][0xc5]N[0xf2]PC[0xe3]g[0x92][0xe7][0x19][0x13][0x3][0xe]qDR[0xba][0xfb][0xe2]_[0xe0][0x87][0xca]6[0xce][0xb3]?%[0xc8][0x9d]&[0xcc]0[0x18][0xf]Q2[0x7]&[0xd5]|[0x18][0x92][0xa4][0xe][0xbe][0x4]E[0xf3]i[0x8][0xeb][0xe0][0xc3][0x92]bH[0x92][0xa3][0xad]`[0xde]Z[0x9d]$u[0xc]?;p[0xdd]?[0x85]([0xf7][0xd8][0x1e][0x9][0x0][0x0]"
2020-11-06 21:28:44,447 DEBUG [main] PoolingHttpClientConnectionManager:341 - Connection [id: 0][route: {s}->https://raw.githubusercontent.com:443] can be kept alive indefinitely
2020-11-06 21:28:44,447 DEBUG [main] DefaultManagedHttpClientConnection:88 - http-outgoing-0: set socket timeout to 0
2020-11-06 21:28:44,447 DEBUG [main] PoolingHttpClientConnectionManager:348 - Connection released: [id: 0][route: {s}->https://raw.githubusercontent.com:443][total kept alive: 1; route allocated: 1 of 2; total allocated: 1 of 20]
